<?xml version="1.0" encoding="UTF-8"?>
<!-- Generated by org.testng.reporters.JUnitReportReporter -->
<testsuite hostname="DESKTOP-ABJOE7G" failures="0" tests="1" name="TestCases.verifySignup" time="24.915" errors="0" timestamp="2023-09-14T11:02:36 GMT-07:00" skipped="0">
  <testcase classname="TestCases.verifySignup" name="signup" time="24.915"/>
</testsuite> <!-- TestCases.verifySignup -->
